<?xml version="1.0" encoding="UTF-8"?>
<!-- Generated by org.testng.reporters.JUnitReportReporter -->
<testsuite skipped="0" hostname="DESKTOP-U0P6E5B" name="com.app.tests.MyTest" tests="1" failures="0" timestamp="03 Apr 2018 19:42:24 GMT" time="2.420" errors="0">
  <testcase name="zillowTest" time="2.420" classname="com.app.tests.MyTest"/>
</testsuite> <!-- com.app.tests.MyTest -->
